<?xml version="1.0" encoding="UTF-8"?>
<!-- Generated by org.testng.reporters.JUnitReportReporter -->
<testsuite skipped="0" hostname="priya-PC" name="com.crmpro.qa.testdata.LoginPageTest" tests="3" failures="0" timestamp="06 Dec 2017 16:54:34 GMT" time="16.853" errors="0">
  <testcase name="loginPageTitleValidate" time="0.091" classname="com.crmpro.qa.testdata.LoginPageTest"/>
  <testcase name="crmLogoTest" time="0.164" classname="com.crmpro.qa.testdata.LoginPageTest"/>
  <testcase name="loginTest" time="16.598" classname="com.crmpro.qa.testdata.LoginPageTest"/>
</testsuite> <!-- com.crmpro.qa.testdata.LoginPageTest -->
